[debug] [2025-06-08T12:24:49.929Z] ----------------------------------------------------------------------
[debug] [2025-06-08T12:24:49.937Z] Command:       C:\Program Files\nodejs\node.exe C:\Users\ridwan\AppData\Roaming\npm\node_modules\firebase-tools\lib\bin\firebase.js init
[debug] [2025-06-08T12:24:49.938Z] CLI Version:   14.6.0
[debug] [2025-06-08T12:24:49.938Z] Platform:      win32
[debug] [2025-06-08T12:24:49.939Z] Node Version:  v22.16.0
[debug] [2025-06-08T12:24:49.940Z] Time:          Sun Jun 08 2025 19:24:49 GMT+0700 (Western Indonesia Time)
[debug] [2025-06-08T12:24:49.940Z] ----------------------------------------------------------------------
[debug] 
[debug] [2025-06-08T12:24:49.966Z] > command requires scopes: ["email","openid","https://www.googleapis.com/auth/cloudplatformprojects.readonly","https://www.googleapis.com/auth/firebase","https://www.googleapis.com/auth/cloud-platform"]
[debug] [2025-06-08T12:24:49.967Z] > authorizing via signed-in user (ridwanharts@gmail.com)
[info] 
     ######## #### ########  ######## ########     ###     ######  ########
     ##        ##  ##     ## ##       ##     ##  ##   ##  ##       ##
     ######    ##  ########  ######   ########  #########  ######  ######
     ##        ##  ##    ##  ##       ##     ## ##     ##       ## ##
     ##       #### ##     ## ######## ########  ##     ##  ######  ########

You're about to initialize a Firebase project in this directory:

  C:\project\openwa-admin

Before we get started, keep in mind:

  * You are currently outside your home directory

[info] 
=== Project Setup
[info] 
[info] First, let's associate this project directory with a Firebase project.
[info] You can create multiple project aliases by running firebase use --add, 
[info] but for now we'll just set up a default project.
[info] 
[debug] [2025-06-08T12:26:38.755Z] Checked if tokens are valid: true, expires at: 1749388706229
[debug] [2025-06-08T12:26:38.756Z] Checked if tokens are valid: true, expires at: 1749388706229
[debug] [2025-06-08T12:26:38.758Z] >>> [apiv2][query] GET https://firebase.googleapis.com/v1beta1/projects pageSize=100
[debug] [2025-06-08T12:26:39.848Z] <<< [apiv2][status] GET https://firebase.googleapis.com/v1beta1/projects 200
[debug] [2025-06-08T12:26:39.848Z] <<< [apiv2][body] GET https://firebase.googleapis.com/v1beta1/projects [omitted]
[debug] [2025-06-08T12:27:07.593Z] ExitPromptError: User force closed the prompt with SIGINT
    at Interface.sigint (C:\Users\ridwan\AppData\Roaming\npm\node_modules\firebase-tools\node_modules\@inquirer\core\dist\commonjs\lib\create-prompt.js:101:37)
    at Interface.emit (node:events:518:28)
    at Interface.emit (node:domain:489:12)
    at [_ttyWrite] [as _ttyWrite] (node:internal/readline/interface:1128:18)
    at ReadStream.onkeypress (node:internal/readline/interface:267:20)
    at ReadStream.emit (node:events:530:35)
    at ReadStream.emit (node:domain:489:12)
    at emitKeys (node:internal/readline/utils:370:14)
    at emitKeys.next (<anonymous>)
    at ReadStream.onData (node:internal/readline/emitKeypressEvents:64:36)
[error] 
[error] Error: An unexpected error has occurred.
